<?xml version="1.0" encoding="UTF-8" ?>
<testsuite tests="4" failures="0" name="com.qa.test.DemoTest" time="0.012" errors="0" skipped="0">
  <properties>
    <property name="java.vendor" value="Oracle Corporation"/>
    <property name="JOB_NAME" value="FreeCRMTestRunner"/>
    <property name="PWD" value="/Users/chawla"/>
    <property name="sun.java.launcher" value="SUN_STANDARD"/>
    <property name="sun.management.compiler" value="HotSpot 64-Bit Tiered Compilers"/>
    <property name="JENKINS_HOME" value="/Users/chawla/.jenkins"/>
    <property name="PATH" value="/Library/Frameworks/Python.framework/Versions/3.8/bin:/usr/local/opt/openssl@1.1/bin:/Users/chawla/.rvm/gems/ruby-2.5.0/bin:/Users/chawla/.rvm/gems/ruby-2.5.0@global/bin:/Users/chawla/.rvm/rubies/ruby-2.5.0/bin:/usr/local/bin:/usr/bin:/bin:/usr/sbin:/sbin:/Users/chawla/.rvm/bin:/Users/chawla/apache-maven-3.6.3/bin"/>
    <property name="HUDSON_SERVER_COOKIE" value="7a68e4cbbd9e152e"/>
    <property name="os.name" value="Mac OS X"/>
    <property name="TERM_PROGRAM" value="Apple_Terminal"/>
    <property name="sun.boot.class.path" value="/Library/Java/JavaVirtualMachines/jdk1.8.0_231.jdk/Contents/Home/jre/lib/resources.jar:/Library/Java/JavaVirtualMachines/jdk1.8.0_231.jdk/Contents/Home/jre/lib/rt.jar:/Library/Java/JavaVirtualMachines/jdk1.8.0_231.jdk/Contents/Home/jre/lib/sunrsasign.jar:/Library/Java/JavaVirtualMachines/jdk1.8.0_231.jdk/Contents/Home/jre/lib/jsse.jar:/Library/Java/JavaVirtualMachines/jdk1.8.0_231.jdk/Contents/Home/jre/lib/jce.jar:/Library/Java/JavaVirtualMachines/jdk1.8.0_231.jdk/Contents/Home/jre/lib/charsets.jar:/Library/Java/JavaVirtualMachines/jdk1.8.0_231.jdk/Contents/Home/jre/lib/jfr.jar:/Library/Java/JavaVirtualMachines/jdk1.8.0_231.jdk/Contents/Home/jre/classes"/>
    <property name="EXECUTOR_NUMBER" value="1"/>
    <property name="TERM_SESSION_ID" value="154EA37F-09C5-41A1-B7CD-BA20FEBFAF5F"/>
    <property name="java.vm.specification.vendor" value="Oracle Corporation"/>
    <property name="NODE_LABELS" value="master"/>
    <property name="java.runtime.version" value="1.8.0_231-b11"/>
    <property name="rvm_version" value="1.29.9 (latest)"/>
    <property name="user.name" value="chawla"/>
    <property name="guice.disable.misplaced.annotation.check" value="true"/>
    <property name="SECURITYSESSIONID" value="186a8"/>
    <property name="user.language" value="en"/>
    <property name="JOB_BASE_NAME" value="FreeCRMTestRunner"/>
    <property name="RUN_CHANGES_DISPLAY_URL" value="http://localhost:8080/job/FreeCRMTestRunner/1/display/redirect?page=changes"/>
    <property name="BUILD_DISPLAY_NAME" value="#1"/>
    <property name="TMPDIR" value="/var/folders/d9/8xfwpx7x2mqch4tpg5b80ggm0000gn/T/"/>
    <property name="sun.boot.library.path" value="/Library/Java/JavaVirtualMachines/jdk1.8.0_231.jdk/Contents/Home/jre/lib"/>
    <property name="rvm_prefix" value="/Users/chawla"/>
    <property name="java.version" value="1.8.0_231"/>
    <property name="XPC_FLAGS" value="0x0"/>
    <property name="user.timezone" value="America/Los_Angeles"/>
    <property name="sun.arch.data.model" value="64"/>
    <property name="NODE_NAME" value="master"/>
    <property name="TERM" value="xterm-256color"/>
    <property name="http.nonProxyHosts" value="local|*.local|169.254/16|*.169.254/16"/>
    <property name="java.endorsed.dirs" value="/Library/Java/JavaVirtualMachines/jdk1.8.0_231.jdk/Contents/Home/jre/lib/endorsed"/>
    <property name="BUILD_ID" value="1"/>
    <property name="sun.cpu.isalist" value=""/>
    <property name="sun.jnu.encoding" value="UTF-8"/>
    <property name="file.encoding.pkg" value="sun.io"/>
    <property name="SHELL" value="/bin/bash"/>
    <property name="file.separator" value="/"/>
    <property name="java.specification.name" value="Java Platform API Specification"/>
    <property name="maven.conf" value="/Users/chawla/.jenkins/tools/hudson.tasks.Maven_MavenInstallation/TestMaven/conf"/>
    <property name="java.class.version" value="52.0"/>
    <property name="org.slf4j.simpleLogger.defaultLogLevel" value="info"/>
    <property name="user.country" value="US"/>
    <property name="java.home" value="/Library/Java/JavaVirtualMachines/jdk1.8.0_231.jdk/Contents/Home/jre"/>
    <property name="java.vm.info" value="mixed mode"/>
    <property name="os.version" value="10.13.6"/>
    <property name="RUN_DISPLAY_URL" value="http://localhost:8080/job/FreeCRMTestRunner/1/display/redirect"/>
    <property name="sun.font.fontmanager" value="sun.font.CFontManager"/>
    <property name="path.separator" value=":"/>
    <property name="java.vm.version" value="25.231-b11"/>
    <property name="GEM_HOME" value="/Users/chawla/.rvm/gems/ruby-2.5.0"/>
    <property name="JOB_DISPLAY_URL" value="http://localhost:8080/job/FreeCRMTestRunner/display/redirect"/>
    <property name="SHLVL" value="1"/>
    <property name="_" value="/usr/bin/java"/>
    <property name="java.awt.printerjob" value="sun.lwawt.macosx.CPrinterJob"/>
    <property name="sun.io.unicode.encoding" value="UnicodeBig"/>
    <property name="awt.toolkit" value="sun.lwawt.macosx.LWCToolkit"/>
    <property name="LOGNAME" value="chawla"/>
    <property name="socksNonProxyHosts" value="local|*.local|169.254/16|*.169.254/16"/>
    <property name="ftp.nonProxyHosts" value="local|*.local|169.254/16|*.169.254/16"/>
    <property name="HOME" value="/Users/chawla"/>
    <property name="user.home" value="/Users/chawla"/>
    <property name="BUILD_TAG" value="jenkins-FreeCRMTestRunner-1"/>
    <property name="JENKINS_SERVER_COOKIE" value="7a68e4cbbd9e152e"/>
    <property name="HUDSON_URL" value="http://localhost:8080/"/>
    <property name="XPC_SERVICE_NAME" value="0"/>
    <property name="java.specification.vendor" value="Oracle Corporation"/>
    <property name="CLASSPATH" value=""/>
    <property name="java.vendor.url" value="http://java.oracle.com/"/>
    <property name="java.library.path" value="/Users/chawla/Library/Java/Extensions:/Library/Java/Extensions:/Network/Library/Java/Extensions:/System/Library/Java/Extensions:/usr/lib/java:."/>
    <property name="Apple_PubSub_Socket_Render" value="/private/tmp/com.apple.launchd.smIM5ha0yM/Render"/>
    <property name="JAVA_MAIN_CLASS_42460" value="Main"/>
    <property name="gopherProxySet" value="false"/>
    <property name="java.vm.vendor" value="Oracle Corporation"/>
    <property name="java.runtime.name" value="Java(TM) SE Runtime Environment"/>
    <property name="maven.home" value="/Users/chawla/.jenkins/tools/hudson.tasks.Maven_MavenInstallation/TestMaven"/>
    <property name="java.class.path" value="/Users/chawla/.jenkins/plugins/maven-plugin/WEB-INF/lib/maven35-agent-1.13.jar:/Users/chawla/.jenkins/tools/hudson.tasks.Maven_MavenInstallation/TestMaven/boot/plexus-classworlds-2.6.0.jar:/Users/chawla/.jenkins/tools/hudson.tasks.Maven_MavenInstallation/TestMaven/conf/logging"/>
    <property name="sun.java.command" value="jenkins.maven3.agent.Maven35Main /Users/chawla/.jenkins/tools/hudson.tasks.Maven_MavenInstallation/TestMaven /Users/chawla/.jenkins/war/WEB-INF/lib/remoting-3.36.1.jar /Users/chawla/.jenkins/plugins/maven-plugin/WEB-INF/lib/maven35-interceptor-1.13.jar /Users/chawla/.jenkins/plugins/maven-plugin/WEB-INF/lib/maven3-interceptor-commons-1.13.jar 49697"/>
    <property name="IRBRC" value="/Users/chawla/.rvm/rubies/ruby-2.5.0/.irbrc"/>
    <property name="java.vm.specification.name" value="Java Virtual Machine Specification"/>
    <property name="MY_RUBY_HOME" value="/Users/chawla/.rvm/rubies/ruby-2.5.0"/>
    <property name="java.vm.specification.version" value="1.8"/>
    <property name="sun.os.patch.level" value="unknown"/>
    <property name="sun.cpu.endian" value="little"/>
    <property name="M2_HOME" value="/Users/chawla/.jenkins/tools/hudson.tasks.Maven_MavenInstallation/TestMaven"/>
    <property name="java.io.tmpdir" value="/var/folders/d9/8xfwpx7x2mqch4tpg5b80ggm0000gn/T/"/>
    <property name="HUDSON_HOME" value="/Users/chawla/.jenkins"/>
    <property name="PATH+MAVEN" value="/Users/chawla/.jenkins/tools/hudson.tasks.Maven_MavenInstallation/TestMaven/bin"/>
    <property name="RUBY_VERSION" value="ruby-2.5.0"/>
    <property name="BUILD_URL" value="http://localhost:8080/job/FreeCRMTestRunner/1/"/>
    <property name="java.vendor.url.bug" value="http://bugreport.sun.com/bugreport/"/>
    <property name="OLDPWD" value="/Users/chawla/eclipse-workspacenew"/>
    <property name="SSH_AUTH_SOCK" value="/private/tmp/com.apple.launchd.rqhus0WQoZ/Listeners"/>
    <property name="rvm_path" value="/Users/chawla/.rvm"/>
    <property name="java.awt.graphicsenv" value="sun.awt.CGraphicsEnvironment"/>
    <property name="os.arch" value="x86_64"/>
    <property name="rvm_bin_path" value="/Users/chawla/.rvm/bin"/>
    <property name="com.apple.java.jvmTask" value="CommandLine"/>
    <property name="java.ext.dirs" value="/Users/chawla/Library/Java/Extensions:/Library/Java/JavaVirtualMachines/jdk1.8.0_231.jdk/Contents/Home/jre/lib/ext:/Library/Java/Extensions:/Network/Library/Java/Extensions:/System/Library/Java/Extensions:/usr/lib/java"/>
    <property name="__CF_USER_TEXT_ENCODING" value="0x1F5:0x0:0x0"/>
    <property name="user.dir" value="/Users/chawla/eclipse-workspacenew/MavenTestProject"/>
    <property name="JOB_URL" value="http://localhost:8080/job/FreeCRMTestRunner/"/>
    <property name="line.separator" value="
"/>
    <property name="JAVA_ARCH" value="x86_64"/>
    <property name="MAVEN_HOME" value="/Users/chawla/.jenkins/tools/hudson.tasks.Maven_MavenInstallation/TestMaven"/>
    <property name="java.vm.name" value="Java HotSpot(TM) 64-Bit Server VM"/>
    <property name="BUILD_NUMBER" value="1"/>
    <property name="JENKINS_URL" value="http://localhost:8080/"/>
    <property name="TERM_PROGRAM_VERSION" value="404"/>
    <property name="file.encoding" value="UTF-8"/>
    <property name="LANG" value="en_US.UTF-8"/>
    <property name="maven3.interceptor" value="/Users/chawla/.jenkins/plugins/maven-plugin/WEB-INF/lib/maven35-interceptor-1.13.jar"/>
    <property name="WORKSPACE" value="/Users/chawla/.jenkins/workspace/FreeCRMTestRunner"/>
    <property name="maven3.interceptor.common" value="/Users/chawla/.jenkins/plugins/maven-plugin/WEB-INF/lib/maven3-interceptor-commons-1.13.jar"/>
    <property name="GEM_PATH" value="/Users/chawla/.rvm/gems/ruby-2.5.0:/Users/chawla/.rvm/gems/ruby-2.5.0@global"/>
    <property name="java.specification.version" value="1.8"/>
    <property name="USER" value="chawla"/>
  </properties>
  <testcase classname="com.qa.test.DemoTest" name="add" time="0.009"/>
  <testcase classname="com.qa.test.DemoTest" name="div" time="0.002"/>
  <testcase classname="com.qa.test.DemoTest" name="mul" time="0.001"/>
  <testcase classname="com.qa.test.DemoTest" name="sub" time="0"/>
</testsuite>