<?xml version="1.0" encoding="UTF-8"?>
<!-- Generated by org.testng.reporters.JUnitReportReporter -->
<testsuite hostname="Familys-MBP.attlocal.net" name="com.qa.test.DemoTest" tests="4" failures="0" timestamp="9 Mar 2020 23:53:48 GMT" time="0.011" errors="0">
  <testcase name="div" time="0.002" classname="com.qa.test.DemoTest"/>
  <testcase name="mul" time="0.000" classname="com.qa.test.DemoTest"/>
  <testcase name="add" time="0.009" classname="com.qa.test.DemoTest"/>
  <testcase name="sub" time="0.000" classname="com.qa.test.DemoTest"/>
</testsuite> <!-- com.qa.test.DemoTest -->
